2026-07-09 11:08:55,194 | INFO | run_dir=/Users/imalsky/Desktop/Emulators/VULCAN_Project/vulcan_exojax_run/runs/w39b_smc_retrieval preset=smoke out_dir=/Users/imalsky/Desktop/Emulators/VULCAN_Project/vulcan_exojax_run/runs/w39b_smc_retrieval/data/smoke
2026-07-09 11:08:55,195 | INFO | 
====================================================================================
  RETRIEVAL CONFIG    preset=smoke    WASP-39b    out_dir=/Users/imalsky/Desktop/Emulators/VULCAN_Project/vulcan_exojax_run/runs/w39b_smc_retrieval/data/smoke
====================================================================================
  --- forward model ---------------------------------------------------------------
    nz=30   nu_pts=400 (native R~21545, 2.29-2.34 um)   art_nlayer=20
    molecules: CO
    photo=ON   rayleigh=on   co_mode=fixed_O   two_stage_z=on   reanchor_atom_ini=on
    fastchem baseline metallicity: 10x solar   (lnZ is relative to this)
  --- convergence  (VULCAN-master criteria; slope_cri/yconv_min/flux_cri inherit vulcan_cfg) 
    yconv_cri=0.01   count_max=(vulcan_cfg default)   count_min=(vulcan_cfg default)
    dt_max=1e+11 s   (physical step cap; master default 1e17 balloons dt -> high-Kzz non-convergence)
    cold-init: draw 2xN, REJECT non-converged draws (-inf), keep first N healthy   (warn if reject frac > 10%; raise only if < N survive)
  --- T-P profile -----------------------------------------------------------------
    model=guillot   Tint=150K   f=0.25   g=422cgs   infer_gamma=off
    drawn RAW (no clip); profiles leaving the modelable T window are REJECTED + REDRAWN
  --- data ------------------------------------------------------------------------
    SYNTHETIC (inject-and-recover at truth_*)   band 2.28-2.36 um   groups=['G395H']
  --- SMC  (adaptive-tempered + forward-jvp MALA) ---------------------------------
    N=12   mcmc_steps=4   max_stages=8   target_ess_frac=0.5   step=0.2
    gradient_mode=block   chem_mode=warm   rt_chunk=16   rt_vjp_chunk=6   chem_chunk=0
    walltime governor: 0.0 h  (no limit)
  --- parameters (8)   [prior : truth] --------------------------------------------
    lnZ               U(-2.303, 2.303)  [1-1e+02x solar]          truth=0
    c_o               U(-1.7, 0.24)  [C/O 0.1-0.7]             truth=0
    lnKzz             U(-4.6, 4.6)  [Kzz x0.01-x99]           truth=0
    Tirr              U(1100, 2200)                            truth=1650
    log10kappa        U(-3.5, 0.5)                            truth=-2
    lnR0              U(-0.08, 0.08)                            truth=0
    log10kappa_cloud  U(-7, 1)                            truth=-6.5
    cloud_alpha       U(0, 6)                            truth=1
====================================================================================

2026-07-09 11:08:55,449 | INFO | Unable to initialize backend 'tpu': INTERNAL: Failed to open libtpu.so: dlopen(libtpu.so, 0x0001): tried: 'libtpu.so' (no such file), '/System/Volumes/Preboot/Cryptexes/OSlibtpu.so' (no such file), '/opt/homebrew/Caskroom/miniforge/base/envs/vulcan/bin/../lib/libtpu.so' (no such file), '/usr/lib/libtpu.so' (no such file, not in dyld cache), 'libtpu.so' (no such file)
2026-07-09 11:08:55,449 | INFO | jax backend=cpu devices=[CpuDevice(id=0)] (x64 flips on during the VULCAN-JAX import inside build_pipeline)
2026-07-09 11:09:41,519 | INFO | OpaPremodit: delete mdb to save memory
2026-07-09 11:09:41,519 | INFO | OpaPremodit: params automatically set.
2026-07-09 11:09:41,556 | INFO | OpaPremodit: Tref_broadening is set to 948.6832980505134 K
2026-07-09 11:09:41,556 | INFO | PreMODIT grid setup: 2 reference width points, 2 temperature exponent points
2026-07-09 11:09:41,669 | INFO | Cross section calculated in closed mode - aliasing part cannot be used
2026-07-09 11:09:41,669 | INFO | Wing cut width = [78.72711104140399, 81.70147791223553] cm⁻¹
2026-07-09 11:09:45,046 | INFO | Built forward in 47.3s | native n_nu=400 nz=30 n_tp=2 molecules=['CO']
2026-07-09 11:09:45,047 | INFO | Observations: synthetic grid | 3 bins | groups=['SYNTH'] | offset cols=0
2026-07-09 11:09:45,106 | INFO | Built pipeline in 49.7s | n_dim=8: ['lnZ', 'c_o', 'lnKzz', 'Tirr', 'log10kappa', 'lnR0', 'log10kappa_cloud', 'cloud_alpha'] | 3 bins | groups=['SYNTH'] | gradient_mode=block | dtype=float64 two_stage_z=True
2026-07-09 11:09:45,107 | INFO | Generating synthetic observations (injection at truth_*)...
2026-07-09 11:10:27,523 | INFO | Saved synthetic observations: /Users/imalsky/Desktop/Emulators/VULCAN_Project/vulcan_exojax_run/runs/w39b_smc_retrieval/data/smoke/observations.npz
2026-07-09 11:10:27,523 | INFO | Depth span 401 ppm | mean sigma 120 ppm | span/sigma 3.3
2026-07-09 11:10:27,855 | INFO | init 1/2: batched cold two-stage chemistry over 24 draw(s) (likelihood only; reject non-converged, keep 12; wall time = the slowest draw, count_max-bounded)
